<?xml version="1.0" encoding="UTF-8"?>
<!-- Generated by org.testng.reporters.JUnitXMLReporter -->
<testsuite hostname="Alkesh" ignored="2" name="testng" tests="2" failures="0" timestamp="2021-05-14T19:15:26 IST" time="0.044" errors="0">
  <testcase name="GroupOnetestCase2" time="0.007" classname="grouping.GroupOne"/>
  <testcase name="GroupTwotestCase1" time="0.002" classname="grouping.GroupTwo"/>
  <testcase name="GroupOnetestCase1" time="0.0" classname="grouping.GroupOne">
    <ignored/>
  </testcase> <!-- GroupOnetestCase1 -->
  <testcase name="GroupTwotestCase2" time="0.0" classname="grouping.GroupTwo">
    <ignored/>
  </testcase> <!-- GroupTwotestCase2 -->
</testsuite> <!-- testng -->
