<?xml version="1.0" encoding="UTF-8"?>
<testng-results skipped="0" failed="0" ignored="0" total="1" passed="1">
  <reporter-output>
  </reporter-output>
  <suite name="test" duration-ms="60" started-at="2021-05-14T19:16:16 IST" finished-at="2021-05-14T19:16:16 IST">
    <groups>
    </groups>
    <test name="depends" duration-ms="60" started-at="2021-05-14T19:16:16 IST" finished-at="2021-05-14T19:16:16 IST">
      <class name="parameterization.ParameterizationByXML">
        <test-method status="PASS" signature="getBrowser(java.lang.String)[pri:0, instance:parameterization.ParameterizationByXML@1e6d1014]" name="getBrowser" duration-ms="11" started-at="2021-05-14T19:16:16 IST" finished-at="2021-05-14T19:16:16 IST">
          <params>
            <param index="0">
              <value>
                <![CDATA[firefox]]>
              </value>
            </param>
          </params>
          <reporter-output>
          </reporter-output>
        </test-method> <!-- getBrowser -->
      </class> <!-- parameterization.ParameterizationByXML -->
    </test> <!-- depends -->
  </suite> <!-- test -->
</testng-results>
